<?xml version="1.0" encoding="UTF-8"?>
<testsuite xmlns:xsi="http://www.w3.org/2001/XMLSchema-instance" xsi:noNamespaceSchemaLocation="https://maven.apache.org/surefire/maven-surefire-plugin/xsd/surefire-test-report.xsd" name="za.ac.nwu.ac.logic.flow.impl.FetchAccountTypeFlowImlTest" time="0.003" tests="0" errors="0" skipped="0" failures="0">
  <properties>
    <property name="sun.desktop" value="windows"/>
    <property name="awt.toolkit" value="sun.awt.windows.WToolkit"/>
    <property name="file.encoding.pkg" value="sun.io"/>
    <property name="java.specification.version" value="1.8"/>
    <property name="sun.cpu.isalist" value="amd64"/>
    <property name="sun.jnu.encoding" value="Cp1252"/>
    <property name="java.class.path" value="C:\Development\repo\Discovery_P1\AccountSystem\AccountSystemLogic\target\test-classes;C:\Development\repo\Discovery_P1\AccountSystem\AccountSystemLogic\target\classes;C:\Development\repo\Discovery_P1\AccountSystem\AccountSystemDomain\target\AccountSystemDomain-1.0-SNAPSHOT.jar;C:\Development\repo\Discovery_P1\com\fasterxml\jackson\core\jackson-annotations\2.9.0\jackson-annotations-2.9.0.jar;C:\Development\repo\Discovery_P1\io\swagger\swagger-annotations\1.5.20\swagger-annotations-1.5.20.jar;C:\Development\repo\Discovery_P1\AccountSystem\AccountSystemTranslator\target\AccountSystemTranslator-1.0-SNAPSHOT.jar;C:\Development\repo\Discovery_P1\za\ac\nwu\ac\AccountSystemRepository\1.0-SNAPSHOT\AccountSystemRepository-1.0-SNAPSHOT.jar;C:\Development\repo\Discovery_P1\org\springframework\boot\spring-boot-starter\2.1.6.RELEASE\spring-boot-starter-2.1.6.RELEASE.jar;C:\Development\repo\Discovery_P1\org\springframework\boot\spring-boot\2.1.6.RELEASE\spring-boot-2.1.6.RELEASE.jar;C:\Development\repo\Discovery_P1\org\springframework\boot\spring-boot-autoconfigure\2.1.6.RELEASE\spring-boot-autoconfigure-2.1.6.RELEASE.jar;C:\Development\repo\Discovery_P1\org\springframework\boot\spring-boot-starter-logging\2.1.6.RELEASE\spring-boot-starter-logging-2.1.6.RELEASE.jar;C:\Development\repo\Discovery_P1\ch\qos\logback\logback-classic\1.2.3\logback-classic-1.2.3.jar;C:\Development\repo\Discovery_P1\ch\qos\logback\logback-core\1.2.3\logback-core-1.2.3.jar;C:\Development\repo\Discovery_P1\org\apache\logging\log4j\log4j-to-slf4j\2.11.2\log4j-to-slf4j-2.11.2.jar;C:\Development\repo\Discovery_P1\org\apache\logging\log4j\log4j-api\2.11.2\log4j-api-2.11.2.jar;C:\Development\repo\Discovery_P1\org\slf4j\jul-to-slf4j\1.7.26\jul-to-slf4j-1.7.26.jar;C:\Development\repo\Discovery_P1\javax\annotation\javax.annotation-api\1.3.2\javax.annotation-api-1.3.2.jar;C:\Development\repo\Discovery_P1\org\yaml\snakeyaml\1.23\snakeyaml-1.23.jar;C:\Development\repo\Discovery_P1\org\springframework\boot\spring-boot-starter-data-jpa\2.1.6.RELEASE\spring-boot-starter-data-jpa-2.1.6.RELEASE.jar;C:\Development\repo\Discovery_P1\org\springframework\boot\spring-boot-starter-aop\2.1.6.RELEASE\spring-boot-starter-aop-2.1.6.RELEASE.jar;C:\Development\repo\Discovery_P1\org\aspectj\aspectjweaver\1.9.4\aspectjweaver-1.9.4.jar;C:\Development\repo\Discovery_P1\org\springframework\boot\spring-boot-starter-jdbc\2.1.6.RELEASE\spring-boot-starter-jdbc-2.1.6.RELEASE.jar;C:\Development\repo\Discovery_P1\com\zaxxer\HikariCP\3.2.0\HikariCP-3.2.0.jar;C:\Development\repo\Discovery_P1\org\springframework\spring-jdbc\5.1.8.RELEASE\spring-jdbc-5.1.8.RELEASE.jar;C:\Development\repo\Discovery_P1\javax\transaction\javax.transaction-api\1.3\javax.transaction-api-1.3.jar;C:\Development\repo\Discovery_P1\javax\xml\bind\jaxb-api\2.3.1\jaxb-api-2.3.1.jar;C:\Development\repo\Discovery_P1\javax\activation\javax.activation-api\1.2.0\javax.activation-api-1.2.0.jar;C:\Development\repo\Discovery_P1\org\hibernate\hibernate-core\5.3.10.Final\hibernate-core-5.3.10.Final.jar;C:\Development\repo\Discovery_P1\org\jboss\logging\jboss-logging\3.3.2.Final\jboss-logging-3.3.2.Final.jar;C:\Development\repo\Discovery_P1\javax\persistence\javax.persistence-api\2.2\javax.persistence-api-2.2.jar;C:\Development\repo\Discovery_P1\org\javassist\javassist\3.23.2-GA\javassist-3.23.2-GA.jar;C:\Development\repo\Discovery_P1\net\bytebuddy\byte-buddy\1.9.13\byte-buddy-1.9.13.jar;C:\Development\repo\Discovery_P1\antlr\antlr\2.7.7\antlr-2.7.7.jar;C:\Development\repo\Discovery_P1\org\jboss\jandex\2.0.5.Final\jandex-2.0.5.Final.jar;C:\Development\repo\Discovery_P1\com\fasterxml\classmate\1.4.0\classmate-1.4.0.jar;C:\Development\repo\Discovery_P1\org\dom4j\dom4j\2.1.1\dom4j-2.1.1.jar;C:\Development\repo\Discovery_P1\org\hibernate\common\hibernate-commons-annotations\5.0.4.Final\hibernate-commons-annotations-5.0.4.Final.jar;C:\Development\repo\Discovery_P1\org\springframework\data\spring-data-jpa\2.1.9.RELEASE\spring-data-jpa-2.1.9.RELEASE.jar;C:\Development\repo\Discovery_P1\org\springframework\data\spring-data-commons\2.1.9.RELEASE\spring-data-commons-2.1.9.RELEASE.jar;C:\Development\repo\Discovery_P1\org\springframework\spring-orm\5.1.8.RELEASE\spring-orm-5.1.8.RELEASE.jar;C:\Development\repo\Discovery_P1\org\springframework\spring-tx\5.1.8.RELEASE\spring-tx-5.1.8.RELEASE.jar;C:\Development\repo\Discovery_P1\org\slf4j\slf4j-api\1.7.26\slf4j-api-1.7.26.jar;C:\Development\repo\Discovery_P1\org\springframework\spring-aspects\5.1.8.RELEASE\spring-aspects-5.1.8.RELEASE.jar;C:\Development\repo\Discovery_P1\com\oracle\database\jdbc\ojdbc8\19.3.0.0\ojdbc8-19.3.0.0.jar;C:\Development\repo\Discovery_P1\com\oracle\database\jdbc\ucp\19.3.0.0\ucp-19.3.0.0.jar;C:\Development\repo\Discovery_P1\com\oracle\database\security\oraclepki\19.3.0.0\oraclepki-19.3.0.0.jar;C:\Development\repo\Discovery_P1\com\oracle\database\security\osdt_cert\19.3.0.0\osdt_cert-19.3.0.0.jar;C:\Development\repo\Discovery_P1\com\oracle\database\security\osdt_core\19.3.0.0\osdt_core-19.3.0.0.jar;C:\Development\repo\Discovery_P1\com\oracle\database\ha\simplefan\19.3.0.0\simplefan-19.3.0.0.jar;C:\Development\repo\Discovery_P1\com\oracle\database\ha\ons\19.3.0.0\ons-19.3.0.0.jar;C:\Development\repo\Discovery_P1\org\springframework\spring-context\5.1.8.RELEASE\spring-context-5.1.8.RELEASE.jar;C:\Development\repo\Discovery_P1\org\springframework\spring-aop\5.1.8.RELEASE\spring-aop-5.1.8.RELEASE.jar;C:\Development\repo\Discovery_P1\org\springframework\spring-beans\5.1.8.RELEASE\spring-beans-5.1.8.RELEASE.jar;C:\Development\repo\Discovery_P1\org\springframework\spring-core\5.1.8.RELEASE\spring-core-5.1.8.RELEASE.jar;C:\Development\repo\Discovery_P1\org\springframework\spring-jcl\5.1.8.RELEASE\spring-jcl-5.1.8.RELEASE.jar;C:\Development\repo\Discovery_P1\org\springframework\spring-expression\5.1.8.RELEASE\spring-expression-5.1.8.RELEASE.jar;"/>
    <property name="java.vm.vendor" value="Oracle Corporation"/>
    <property name="sun.arch.data.model" value="64"/>
    <property name="user.variant" value=""/>
    <property name="java.vendor.url" value="http://java.oracle.com/"/>
    <property name="user.timezone" value="Africa/Harare"/>
    <property name="java.vm.specification.version" value="1.8"/>
    <property name="os.name" value="Windows 10"/>
    <property name="user.country" value="GB"/>
    <property name="sun.java.launcher" value="SUN_STANDARD"/>
    <property name="sun.boot.library.path" value="C:\Program Files\Java\jdk1.8.0_301\jre\bin"/>
    <property name="sun.java.command" value="C:\Users\hatter\AppData\Local\Temp\surefire7326621604150750968\surefirebooter9208917782199593528.jar C:\Users\hatter\AppData\Local\Temp\surefire7326621604150750968 2021-09-29T19-51-50_002-jvmRun1 surefire8052350286900958651tmp surefire_07271100615609232263tmp"/>
    <property name="surefire.test.class.path" value="C:\Development\repo\Discovery_P1\AccountSystem\AccountSystemLogic\target\test-classes;C:\Development\repo\Discovery_P1\AccountSystem\AccountSystemLogic\target\classes;C:\Development\repo\Discovery_P1\AccountSystem\AccountSystemDomain\target\AccountSystemDomain-1.0-SNAPSHOT.jar;C:\Development\repo\Discovery_P1\com\fasterxml\jackson\core\jackson-annotations\2.9.0\jackson-annotations-2.9.0.jar;C:\Development\repo\Discovery_P1\io\swagger\swagger-annotations\1.5.20\swagger-annotations-1.5.20.jar;C:\Development\repo\Discovery_P1\AccountSystem\AccountSystemTranslator\target\AccountSystemTranslator-1.0-SNAPSHOT.jar;C:\Development\repo\Discovery_P1\za\ac\nwu\ac\AccountSystemRepository\1.0-SNAPSHOT\AccountSystemRepository-1.0-SNAPSHOT.jar;C:\Development\repo\Discovery_P1\org\springframework\boot\spring-boot-starter\2.1.6.RELEASE\spring-boot-starter-2.1.6.RELEASE.jar;C:\Development\repo\Discovery_P1\org\springframework\boot\spring-boot\2.1.6.RELEASE\spring-boot-2.1.6.RELEASE.jar;C:\Development\repo\Discovery_P1\org\springframework\boot\spring-boot-autoconfigure\2.1.6.RELEASE\spring-boot-autoconfigure-2.1.6.RELEASE.jar;C:\Development\repo\Discovery_P1\org\springframework\boot\spring-boot-starter-logging\2.1.6.RELEASE\spring-boot-starter-logging-2.1.6.RELEASE.jar;C:\Development\repo\Discovery_P1\ch\qos\logback\logback-classic\1.2.3\logback-classic-1.2.3.jar;C:\Development\repo\Discovery_P1\ch\qos\logback\logback-core\1.2.3\logback-core-1.2.3.jar;C:\Development\repo\Discovery_P1\org\apache\logging\log4j\log4j-to-slf4j\2.11.2\log4j-to-slf4j-2.11.2.jar;C:\Development\repo\Discovery_P1\org\apache\logging\log4j\log4j-api\2.11.2\log4j-api-2.11.2.jar;C:\Development\repo\Discovery_P1\org\slf4j\jul-to-slf4j\1.7.26\jul-to-slf4j-1.7.26.jar;C:\Development\repo\Discovery_P1\javax\annotation\javax.annotation-api\1.3.2\javax.annotation-api-1.3.2.jar;C:\Development\repo\Discovery_P1\org\yaml\snakeyaml\1.23\snakeyaml-1.23.jar;C:\Development\repo\Discovery_P1\org\springframework\boot\spring-boot-starter-data-jpa\2.1.6.RELEASE\spring-boot-starter-data-jpa-2.1.6.RELEASE.jar;C:\Development\repo\Discovery_P1\org\springframework\boot\spring-boot-starter-aop\2.1.6.RELEASE\spring-boot-starter-aop-2.1.6.RELEASE.jar;C:\Development\repo\Discovery_P1\org\aspectj\aspectjweaver\1.9.4\aspectjweaver-1.9.4.jar;C:\Development\repo\Discovery_P1\org\springframework\boot\spring-boot-starter-jdbc\2.1.6.RELEASE\spring-boot-starter-jdbc-2.1.6.RELEASE.jar;C:\Development\repo\Discovery_P1\com\zaxxer\HikariCP\3.2.0\HikariCP-3.2.0.jar;C:\Development\repo\Discovery_P1\org\springframework\spring-jdbc\5.1.8.RELEASE\spring-jdbc-5.1.8.RELEASE.jar;C:\Development\repo\Discovery_P1\javax\transaction\javax.transaction-api\1.3\javax.transaction-api-1.3.jar;C:\Development\repo\Discovery_P1\javax\xml\bind\jaxb-api\2.3.1\jaxb-api-2.3.1.jar;C:\Development\repo\Discovery_P1\javax\activation\javax.activation-api\1.2.0\javax.activation-api-1.2.0.jar;C:\Development\repo\Discovery_P1\org\hibernate\hibernate-core\5.3.10.Final\hibernate-core-5.3.10.Final.jar;C:\Development\repo\Discovery_P1\org\jboss\logging\jboss-logging\3.3.2.Final\jboss-logging-3.3.2.Final.jar;C:\Development\repo\Discovery_P1\javax\persistence\javax.persistence-api\2.2\javax.persistence-api-2.2.jar;C:\Development\repo\Discovery_P1\org\javassist\javassist\3.23.2-GA\javassist-3.23.2-GA.jar;C:\Development\repo\Discovery_P1\net\bytebuddy\byte-buddy\1.9.13\byte-buddy-1.9.13.jar;C:\Development\repo\Discovery_P1\antlr\antlr\2.7.7\antlr-2.7.7.jar;C:\Development\repo\Discovery_P1\org\jboss\jandex\2.0.5.Final\jandex-2.0.5.Final.jar;C:\Development\repo\Discovery_P1\com\fasterxml\classmate\1.4.0\classmate-1.4.0.jar;C:\Development\repo\Discovery_P1\org\dom4j\dom4j\2.1.1\dom4j-2.1.1.jar;C:\Development\repo\Discovery_P1\org\hibernate\common\hibernate-commons-annotations\5.0.4.Final\hibernate-commons-annotations-5.0.4.Final.jar;C:\Development\repo\Discovery_P1\org\springframework\data\spring-data-jpa\2.1.9.RELEASE\spring-data-jpa-2.1.9.RELEASE.jar;C:\Development\repo\Discovery_P1\org\springframework\data\spring-data-commons\2.1.9.RELEASE\spring-data-commons-2.1.9.RELEASE.jar;C:\Development\repo\Discovery_P1\org\springframework\spring-orm\5.1.8.RELEASE\spring-orm-5.1.8.RELEASE.jar;C:\Development\repo\Discovery_P1\org\springframework\spring-tx\5.1.8.RELEASE\spring-tx-5.1.8.RELEASE.jar;C:\Development\repo\Discovery_P1\org\slf4j\slf4j-api\1.7.26\slf4j-api-1.7.26.jar;C:\Development\repo\Discovery_P1\org\springframework\spring-aspects\5.1.8.RELEASE\spring-aspects-5.1.8.RELEASE.jar;C:\Development\repo\Discovery_P1\com\oracle\database\jdbc\ojdbc8\19.3.0.0\ojdbc8-19.3.0.0.jar;C:\Development\repo\Discovery_P1\com\oracle\database\jdbc\ucp\19.3.0.0\ucp-19.3.0.0.jar;C:\Development\repo\Discovery_P1\com\oracle\database\security\oraclepki\19.3.0.0\oraclepki-19.3.0.0.jar;C:\Development\repo\Discovery_P1\com\oracle\database\security\osdt_cert\19.3.0.0\osdt_cert-19.3.0.0.jar;C:\Development\repo\Discovery_P1\com\oracle\database\security\osdt_core\19.3.0.0\osdt_core-19.3.0.0.jar;C:\Development\repo\Discovery_P1\com\oracle\database\ha\simplefan\19.3.0.0\simplefan-19.3.0.0.jar;C:\Development\repo\Discovery_P1\com\oracle\database\ha\ons\19.3.0.0\ons-19.3.0.0.jar;C:\Development\repo\Discovery_P1\org\springframework\spring-context\5.1.8.RELEASE\spring-context-5.1.8.RELEASE.jar;C:\Development\repo\Discovery_P1\org\springframework\spring-aop\5.1.8.RELEASE\spring-aop-5.1.8.RELEASE.jar;C:\Development\repo\Discovery_P1\org\springframework\spring-beans\5.1.8.RELEASE\spring-beans-5.1.8.RELEASE.jar;C:\Development\repo\Discovery_P1\org\springframework\spring-core\5.1.8.RELEASE\spring-core-5.1.8.RELEASE.jar;C:\Development\repo\Discovery_P1\org\springframework\spring-jcl\5.1.8.RELEASE\spring-jcl-5.1.8.RELEASE.jar;C:\Development\repo\Discovery_P1\org\springframework\spring-expression\5.1.8.RELEASE\spring-expression-5.1.8.RELEASE.jar;"/>
    <property name="sun.cpu.endian" value="little"/>
    <property name="user.home" value="C:\Users\hatter"/>
    <property name="user.language" value="en"/>
    <property name="java.specification.vendor" value="Oracle Corporation"/>
    <property name="java.home" value="C:\Program Files\Java\jdk1.8.0_301\jre"/>
    <property name="basedir" value="C:\Development\repo\Discovery_P1\AccountSystem\AccountSystemLogic"/>
    <property name="file.separator" value="\"/>
    <property name="line.separator" value="&#10;"/>
    <property name="java.vm.specification.vendor" value="Oracle Corporation"/>
    <property name="java.specification.name" value="Java Platform API Specification"/>
    <property name="java.awt.graphicsenv" value="sun.awt.Win32GraphicsEnvironment"/>
    <property name="surefire.real.class.path" value="C:\Users\hatter\AppData\Local\Temp\surefire7326621604150750968\surefirebooter9208917782199593528.jar"/>
    <property name="sun.boot.class.path" value="C:\Program Files\Java\jdk1.8.0_301\jre\lib\resources.jar;C:\Program Files\Java\jdk1.8.0_301\jre\lib\rt.jar;C:\Program Files\Java\jdk1.8.0_301\jre\lib\sunrsasign.jar;C:\Program Files\Java\jdk1.8.0_301\jre\lib\jsse.jar;C:\Program Files\Java\jdk1.8.0_301\jre\lib\jce.jar;C:\Program Files\Java\jdk1.8.0_301\jre\lib\charsets.jar;C:\Program Files\Java\jdk1.8.0_301\jre\lib\jfr.jar;C:\Program Files\Java\jdk1.8.0_301\jre\classes"/>
    <property name="user.script" value=""/>
    <property name="sun.management.compiler" value="HotSpot 64-Bit Tiered Compilers"/>
    <property name="java.runtime.version" value="1.8.0_301-b09"/>
    <property name="user.name" value="hatter"/>
    <property name="path.separator" value=";"/>
    <property name="os.version" value="10.0"/>
    <property name="java.endorsed.dirs" value="C:\Program Files\Java\jdk1.8.0_301\jre\lib\endorsed"/>
    <property name="java.runtime.name" value="Java(TM) SE Runtime Environment"/>
    <property name="file.encoding" value="Cp1252"/>
    <property name="java.vm.name" value="Java HotSpot(TM) 64-Bit Server VM"/>
    <property name="localRepository" value="C:\Development\repo\Discovery_P1"/>
    <property name="java.vendor.url.bug" value="http://bugreport.sun.com/bugreport/"/>
    <property name="java.io.tmpdir" value="C:\Users\hatter\AppData\Local\Temp\"/>
    <property name="idea.version" value="2021.2.2"/>
    <property name="java.version" value="1.8.0_301"/>
    <property name="user.dir" value="C:\Development\repo\Discovery_P1\AccountSystem\AccountSystemLogic"/>
    <property name="os.arch" value="amd64"/>
    <property name="java.vm.specification.name" value="Java Virtual Machine Specification"/>
    <property name="java.awt.printerjob" value="sun.awt.windows.WPrinterJob"/>
    <property name="sun.os.patch.level" value=""/>
    <property name="java.library.path" value="C:\Program Files\Java\jdk1.8.0_301\jre\bin;C:\WINDOWS\Sun\Java\bin;C:\WINDOWS\system32;C:\WINDOWS;C:\oraclexe\app\oracle\product\11.2.0\server\bin;;C:\oraclexe\app\oracle\product\11.2.0\server\bin;C:\Python38\Scripts\;C:\Python38\;C:\Program Files (x86)\Intel\Intel(R) Management Engine Components\iCLS\;C:\Program Files\Intel\Intel(R) Management Engine Components\iCLS\;C:\Windows\system32;C:\Windows;C:\Windows\System32\Wbem;C:\Windows\System32\WindowsPowerShell\v1.0\;C:\Windows\System32\OpenSSH\;C:\Program Files\NVIDIA Corporation\NVIDIA NvDLISR;C:\Program Files (x86)\NVIDIA Corporation\PhysX\Common;C:\Program Files (x86)\Intel\Intel(R) Management Engine Components\DAL;C:\Program Files\Intel\Intel(R) Management Engine Components\DAL;C:\Program Files\Intel\WiFi\bin\;C:\Program Files\Common Files\Intel\WirelessCommon\;C:\Program Files\Git\cmd;C:\Program Files\dotnet\;C:\Program Files\Microsoft SQL Server\Client SDK\ODBC\170\Tools\Binn\;C:\WINDOWS\system32;C:\WINDOWS;C:\WINDOWS\System32\Wbem;C:\WINDOWS\System32\WindowsPowerShell\v1.0\;C:\WINDOWS\System32\OpenSSH\;C:\Program Files\nodejs\;C:\ProgramData\chocolatey\bin;C:\Program Files (x86)\dotnet\;C:\Program Files\Docker\Docker\resources\bin;C:\ProgramData\DockerDesktop\version-bin;C:\tools\apache-maven-3.8.2\bin;C:\Program Files\Java\jdk-11.0.12\bin;C:\Users\hatter\AppData\Local\Microsoft\WindowsApps;C:\Program Files\Intel\WiFi\bin\;C:\Program Files\Common Files\Intel\WirelessCommon\;C:\Users\hatter\AppData\Local\Programs\Microsoft VS Code\bin;C:\Users\hatter\AppData\Roaming\npm;C:\Users\hatter\.dotnet\tools;C:\Program Files\Azure Data Studio\bin;C:\Program Files\JetBrains\IntelliJ IDEA Community Edition 2021.2\bin;;;."/>
    <property name="java.vm.info" value="mixed mode"/>
    <property name="java.vendor" value="Oracle Corporation"/>
    <property name="java.vm.version" value="25.301-b09"/>
    <property name="java.ext.dirs" value="C:\Program Files\Java\jdk1.8.0_301\jre\lib\ext;C:\WINDOWS\Sun\Java\lib\ext"/>
    <property name="sun.io.unicode.encoding" value="UnicodeLittle"/>
    <property name="java.class.version" value="52.0"/>
  </properties>
</testsuite>